<?xml version="1.0" encoding="UTF-8"?>
<Site BuildName="Win32-MSBuild"
	BuildStamp="20241122-0403-Experimental"
	Name="Alvaro2"
	Generator="ctest-3.27.1"
	CompilerName="C:/Program Files/Microsoft Visual Studio/2022/Community/VC/Tools/MSVC/14.42.34433/bin/Hostx64/x64/cl.exe"
	CompilerVersion="19.42.34433.0"
	OSName="Windows"
	Hostname="Alvaro2"
	OSRelease=" Personal"
	OSVersion=" (Build 9200)"
	OSPlatform="AMD64"
	Is64Bits="1"
	VendorString=""
	VendorID="Unknown Manufacturer"
	FamilyID="0"
	ModelID="0"
	ProcessorCacheSize="0"
	NumberOfLogicalCPU="16"
	NumberOfPhysicalCPU="8"
	TotalVirtualMemory="68726"
	TotalPhysicalMemory="64630"
	LogicalProcessorsPerPhysical="2"
	ProcessorClockFrequency="4200"
	>
	<Testing>
		<StartDateTime>Nov 22 15:15 Hora oficial do Brasil</StartDateTime>
		<StartTestTime>1732299306</StartTestTime>
		<TestList/>
		<EndDateTime>Nov 22 15:15 Hora oficial do Brasil</EndDateTime>
		<EndTestTime>1732299306</EndTestTime>
		<ElapsedMinutes>0</ElapsedMinutes>
	</Testing>
</Site>
